[19:40:17] [ServerMain/INFO]: Environment: Environment[sessionHost=https://sessionserver.mojang.com, servicesHost=https://api.minecraftservices.com, name=PROD]
[19:40:19] [ServerMain/INFO]: Loaded 1174 recipes
[19:40:19] [ServerMain/INFO]: Loaded 1271 advancements
[19:40:19] [Server thread/INFO]: Starting minecraft server version 1.20.4
[19:40:19] [Server thread/INFO]: Loading properties
[19:40:20] [Server thread/INFO]: This server is running Paper version git-Paper-450 (MC: 1.20.4) (Implementing API version 1.20.4-R0.1-SNAPSHOT) (Git: 62b220a)
[19:40:21] [Server thread/INFO]: Using 4 threads for Netty based IO
[19:40:21] [Server thread/INFO]: Server Ping Player Sample Count: 12
[19:40:21] [Server thread/WARN]: [!] The timings profiler has been enabled but has been scheduled for removal from Paper in the future.
    We recommend installing the spark profiler as a replacement: https://spark.lucko.me/
    For more information please visit: https://github.com/PaperMC/Paper/issues/8948
[19:40:21] [Server thread/INFO]: [ChunkTaskScheduler] Chunk system is using 1 I/O threads, 3 worker threads, and gen parallelism of 3 threads
[19:40:21] [Server thread/INFO]: Default game type: SURVIVAL
[19:40:21] [Server thread/INFO]: Generating keypair
[19:40:21] [Server thread/INFO]: Starting Minecraft server on *:25567
[19:40:21] [Server thread/INFO]: Using default channel type
[19:40:21] [Server thread/INFO]: Paper: Using Java compression from Velocity.
[19:40:21] [Server thread/INFO]: Paper: Using Java cipher from Velocity.
[19:40:21] [Server thread/INFO]: [FastAsyncWorldEdit] Loading server plugin FastAsyncWorldEdit v2.9.1-SNAPSHOT-660;f94b96d
[19:40:22] [Server thread/INFO]: Got request to register class com.sk89q.worldedit.bukkit.BukkitServerInterface with WorldEdit [com.sk89q.worldedit.extension.platform.PlatformManager@5450119]
[19:40:22] [Server thread/INFO]: [InariDemo] Loading server plugin InariDemo v1.0
[19:40:22] [Server thread/INFO]: [spark] Loading server plugin spark v1.10.34
[19:40:22] [Server thread/INFO]: [Server] Loading server plugin Server v1.0-SNAPSHOT
[19:40:22] [Server thread/INFO]: Server permissions file permissions.yml is empty, ignoring it
[19:40:22] [Server thread/INFO]: [FastAsyncWorldEdit] Enabling FastAsyncWorldEdit v2.9.1-SNAPSHOT-660;f94b96d
[19:40:22] [Server thread/INFO]: [com.fastasyncworldedit.core.Fawe] LZ4 Compression Binding loaded successfully
[19:40:22] [Server thread/INFO]: [com.fastasyncworldedit.core.Fawe] ZSTD Compression Binding loaded successfully
[19:40:23] [Server thread/INFO]: Registering commands with com.sk89q.worldedit.bukkit.BukkitServerInterface
[19:40:23] [Server thread/INFO]: WEPIF: Using the Bukkit Permissions API.
[19:40:23] [Server thread/INFO]: Using com.sk89q.worldedit.bukkit.adapter.impl.fawe.v1_20_R3.PaperweightFaweAdapter as the Bukkit adapter
[19:40:24] [Server thread/WARN]: **** SERVER IS RUNNING IN OFFLINE/INSECURE MODE!
[19:40:24] [Server thread/WARN]: The server will make no attempt to authenticate usernames. Beware.
[19:40:24] [Server thread/WARN]: Whilst this makes it possible to use BungeeCord, unless access to your server is properly restricted, it also opens up the ability for hackers to connect with any username they choose.
[19:40:24] [Server thread/WARN]: Please see http://www.spigotmc.org/wiki/firewall-guide/ for further information.
[19:40:24] [Server thread/WARN]: To change this, set "online-mode" to "true" in the server.properties file.
[19:40:24] [Server thread/INFO]: Preparing level "world"
[19:40:24] [ForkJoinPool.commonPool-worker-1/WARN]: [com.fastasyncworldedit.core.util.UpdateNotification] An update for FastAsyncWorldEdit is available. You are 12 build(s) out of date.
You are running build 660, the latest version is build 672.
Update at https://www.spigotmc.org/resources/13932/
[19:40:24] [Server thread/INFO]: Preparing start region for dimension minecraft:overworld
[19:40:25] [Server thread/INFO]: Time elapsed: 1000 ms
[19:40:25] [Server thread/INFO]: Preparing start region for dimension minecraft:the_nether
[19:40:25] [Server thread/INFO]: Time elapsed: 34 ms
[19:40:25] [Server thread/INFO]: Preparing start region for dimension minecraft:the_end
[19:40:25] [Server thread/INFO]: Time elapsed: 49 ms
[19:40:25] [Server thread/INFO]: [InariDemo] Enabling InariDemo v1.0
[19:40:25] [Server thread/INFO]: Preparing start region for dimension minecraft:active_arenas
[19:40:26] [Server thread/INFO]: Time elapsed: 574 ms
[19:40:27] [Server thread/INFO]: [Inari/WorldEditLoader] Loaded schematic in 1584ms
[19:40:28] [Server thread/INFO]: Using com.sk89q.worldedit.bukkit.adapter.impl.fawe.v1_20_R3.PaperweightStarlightRelighterFactory as relighter factory.
[19:40:33] [Server thread/INFO]: [Inari/WorldEditLoader] Pasted schematic at Position{x=500.0, y=5.0, z=0.0} in 5427ms
[19:40:33] [Server thread/INFO]: [Inari/WorldEditLoader] Loaded schematic in 0ms
